<?xml version="1.0" encoding="UTF-8"?>
<!-- Generated by org.testng.reporters.JUnitReportReporter -->
<testsuite skipped="0" hostname="btm-faculty-PC" name="script.GridDemo" tests="1" failures="0" timestamp="15 Dec 2017 04:12:59 GMT" time="8.517" errors="0">
  <testcase name="testGrid" time="8.517" classname="script.GridDemo"/>
</testsuite> <!-- script.GridDemo -->
