<?xml version="1.0" encoding="UTF-8"?>
<!-- Generated by org.testng.reporters.JUnitReportReporter -->
<testsuite skipped="0" hostname="btm-faculty-PC" name="script.InvalidLogin" tests="1" failures="0" timestamp="14 Dec 2017 03:41:49 GMT" time="11.178" errors="0">
  <testcase name="testInvalidLogin" time="11.178" classname="script.InvalidLogin"/>
</testsuite> <!-- script.InvalidLogin -->
