<?xml version="1.0" encoding="UTF-8"?>
<!-- Generated by org.testng.reporters.JUnitReportReporter -->
<testsuite skipped="0" hostname="btm-faculty-PC" name="script.ValidLogin" tests="1" failures="0" timestamp="14 Dec 2017 03:53:16 GMT" time="8.011" errors="0">
  <testcase name="testValidLogin" time="8.011" classname="script.ValidLogin"/>
</testsuite> <!-- script.ValidLogin -->
