<?xml version="1.0" encoding="UTF-8"?>
<!-- Generated by org.testng.reporters.JUnitReportReporter -->
<testsuite name="script.GridDemo" tests="1" time="12.312" ignored="0" failures="0" timestamp="21 Dec 2017 02:37:24 GMT" skipped="0" hostname="btm-faculty-PC" errors="0">
  <testcase name="testGrid" time="12.312" classname="script.GridDemo"/>
</testsuite> <!-- script.GridDemo -->
