<?xml version="1.0" encoding="UTF-8"?>
<!-- Generated by org.testng.reporters.JUnitReportReporter -->
<testsuite name="script.ValidLogin" tests="1" time="24.631" ignored="0" failures="0" timestamp="21 Dec 2017 02:37:24 GMT" skipped="0" hostname="btm-faculty-PC" errors="0">
  <testcase name="testValidLogin" time="24.631" classname="script.ValidLogin"/>
</testsuite> <!-- script.ValidLogin -->
